2024-03-11T09:43:40.438+07:00  INFO 19772 --- [restartedMain] jmaster.io.demo.DemoApplication          : Starting DemoApplication using Java 21.0.2 with PID 19772 (E:\OneDrive - buv.edu.vn\JavaLearn\LearnJavaSpringBoot\project2_work\target\classes started by Admin in E:\OneDrive - buv.edu.vn\JavaLearn\LearnJavaSpringBoot\project2_work)
2024-03-11T09:43:40.461+07:00  INFO 19772 --- [restartedMain] jmaster.io.demo.DemoApplication          : No active profile set, falling back to 1 default profile: "default"
2024-03-11T09:43:40.943+07:00  INFO 19772 --- [restartedMain] .e.DevToolsPropertyDefaultsPostProcessor : Devtools property defaults active! Set 'spring.devtools.add-properties' to 'false' to disable
2024-03-11T09:43:40.943+07:00  INFO 19772 --- [restartedMain] .e.DevToolsPropertyDefaultsPostProcessor : For additional web related logging consider setting the 'logging.level.web' property to 'DEBUG'
2024-03-11T09:43:42.626+07:00  INFO 19772 --- [restartedMain] .s.d.r.c.RepositoryConfigurationDelegate : Bootstrapping Spring Data JPA repositories in DEFAULT mode.
2024-03-11T09:43:42.734+07:00  INFO 19772 --- [restartedMain] .s.d.r.c.RepositoryConfigurationDelegate : Finished Spring Data repository scanning in 98 ms. Found 5 JPA repository interfaces.
2024-03-11T09:43:44.200+07:00  INFO 19772 --- [restartedMain] o.s.b.w.embedded.tomcat.TomcatWebServer  : Tomcat initialized with port(s): 5501 (http)
2024-03-11T09:43:44.220+07:00  INFO 19772 --- [restartedMain] o.apache.catalina.core.StandardService   : Starting service [Tomcat]
2024-03-11T09:43:44.221+07:00  INFO 19772 --- [restartedMain] o.apache.catalina.core.StandardEngine    : Starting Servlet engine: [Apache Tomcat/10.1.18]
2024-03-11T09:43:44.336+07:00  INFO 19772 --- [restartedMain] o.a.c.c.C.[Tomcat].[localhost].[/]       : Initializing Spring embedded WebApplicationContext
2024-03-11T09:43:44.337+07:00  INFO 19772 --- [restartedMain] w.s.c.ServletWebServerApplicationContext : Root WebApplicationContext: initialization completed in 3393 ms
2024-03-11T09:43:44.681+07:00  INFO 19772 --- [restartedMain] o.hibernate.jpa.internal.util.LogHelper  : HHH000204: Processing PersistenceUnitInfo [name: default]
2024-03-11T09:43:44.838+07:00  INFO 19772 --- [restartedMain] org.hibernate.Version                    : HHH000412: Hibernate ORM core version 6.2.20.Final
2024-03-11T09:43:44.843+07:00  INFO 19772 --- [restartedMain] org.hibernate.cfg.Environment            : HHH000406: Using bytecode reflection optimizer
2024-03-11T09:43:45.388+07:00  INFO 19772 --- [restartedMain] o.s.o.j.p.SpringPersistenceUnitInfo      : No LoadTimeWeaver setup: ignoring JPA class transformer
2024-03-11T09:43:45.440+07:00  INFO 19772 --- [restartedMain] com.zaxxer.hikari.HikariDataSource       : HikariPool-1 - Starting...
2024-03-11T09:43:45.895+07:00  INFO 19772 --- [restartedMain] com.zaxxer.hikari.pool.HikariPool        : HikariPool-1 - Added connection com.mysql.cj.jdbc.ConnectionImpl@68b540ea
2024-03-11T09:43:45.898+07:00  INFO 19772 --- [restartedMain] com.zaxxer.hikari.HikariDataSource       : HikariPool-1 - Start completed.
2024-03-11T09:43:46.006+07:00  WARN 19772 --- [restartedMain] org.hibernate.orm.deprecation            : HHH90000025: MySQLDialect does not need to be specified explicitly using 'hibernate.dialect' (remove the property setting and it will be selected by default)
2024-03-11T09:43:47.559+07:00  INFO 19772 --- [restartedMain] o.h.e.t.j.p.i.JtaPlatformInitiator       : HHH000489: No JTA platform available (set 'hibernate.transaction.jta.platform' to enable JTA platform integration)
2024-03-11T09:43:47.854+07:00  INFO 19772 --- [restartedMain] j.LocalContainerEntityManagerFactoryBean : Initialized JPA EntityManagerFactory for persistence unit 'default'
2024-03-11T09:43:48.295+07:00  INFO 19772 --- [restartedMain] o.s.d.j.r.query.QueryEnhancerFactory     : Hibernate is in classpath; If applicable, HQL parser will be used.
2024-03-11T09:43:49.967+07:00  WARN 19772 --- [restartedMain] JpaBaseConfiguration$JpaWebConfiguration : spring.jpa.open-in-view is enabled by default. Therefore, database queries may be performed during view rendering. Explicitly configure spring.jpa.open-in-view to disable this warning
2024-03-11T09:43:50.992+07:00  INFO 19772 --- [restartedMain] o.s.b.d.a.OptionalLiveReloadServer       : LiveReload server is running on port 35729
2024-03-11T09:43:51.049+07:00  INFO 19772 --- [restartedMain] o.s.b.w.embedded.tomcat.TomcatWebServer  : Tomcat started on port(s): 5501 (http) with context path ''
2024-03-11T09:43:51.064+07:00  INFO 19772 --- [scheduling-1] j.io.demo.jobscheduler.JobSchedule       : hello
2024-03-11T09:43:51.068+07:00  INFO 19772 --- [restartedMain] jmaster.io.demo.DemoApplication          : Started DemoApplication in 11.222 seconds (process running for 11.914)
2024-03-11T09:44:03.822+07:00  INFO 19772 --- [http-nio-5501-exec-1] o.a.c.c.C.[Tomcat].[localhost].[/]       : Initializing Spring DispatcherServlet 'dispatcherServlet'
2024-03-11T09:44:03.823+07:00  INFO 19772 --- [http-nio-5501-exec-1] o.s.web.servlet.DispatcherServlet        : Initializing Servlet 'dispatcherServlet'
2024-03-11T09:44:03.825+07:00  INFO 19772 --- [http-nio-5501-exec-1] o.s.web.servlet.DispatcherServlet        : Completed initialization in 2 ms
2024-03-11T09:44:51.073+07:00  INFO 19772 --- [scheduling-1] j.io.demo.jobscheduler.JobSchedule       : hello
2024-03-11T09:44:58.915+07:00  WARN 19772 --- [http-nio-5501-exec-6] .w.s.m.s.DefaultHandlerExceptionResolver : Resolved [org.springframework.web.HttpRequestMethodNotSupportedException: Request method 'GET' is not supported]
2024-03-11T09:45:51.078+07:00  INFO 19772 --- [scheduling-1] j.io.demo.jobscheduler.JobSchedule       : hello
2024-03-11T09:46:51.092+07:00  INFO 19772 --- [scheduling-1] j.io.demo.jobscheduler.JobSchedule       : hello
2024-03-11T09:47:51.105+07:00  INFO 19772 --- [scheduling-1] j.io.demo.jobscheduler.JobSchedule       : hello
2024-03-11T09:48:51.109+07:00  INFO 19772 --- [scheduling-1] j.io.demo.jobscheduler.JobSchedule       : hello
2024-03-11T09:49:51.111+07:00  INFO 19772 --- [scheduling-1] j.io.demo.jobscheduler.JobSchedule       : hello
2024-03-11T09:50:51.119+07:00  INFO 19772 --- [scheduling-1] j.io.demo.jobscheduler.JobSchedule       : hello
2024-03-11T09:51:51.122+07:00  INFO 19772 --- [scheduling-1] j.io.demo.jobscheduler.JobSchedule       : hello
2024-03-11T09:52:51.124+07:00  INFO 19772 --- [scheduling-1] j.io.demo.jobscheduler.JobSchedule       : hello
2024-03-11T09:53:51.132+07:00  INFO 19772 --- [scheduling-1] j.io.demo.jobscheduler.JobSchedule       : hello
2024-03-11T09:54:51.132+07:00  INFO 19772 --- [scheduling-1] j.io.demo.jobscheduler.JobSchedule       : hello
2024-03-11T09:55:51.121+07:00  INFO 19772 --- [scheduling-1] j.io.demo.jobscheduler.JobSchedule       : hello
2024-03-11T09:56:51.110+07:00  INFO 19772 --- [scheduling-1] j.io.demo.jobscheduler.JobSchedule       : hello
2024-03-11T09:57:51.103+07:00  INFO 19772 --- [scheduling-1] j.io.demo.jobscheduler.JobSchedule       : hello
2024-03-11T09:58:51.092+07:00  INFO 19772 --- [scheduling-1] j.io.demo.jobscheduler.JobSchedule       : hello
2024-03-11T09:59:51.093+07:00  INFO 19772 --- [scheduling-1] j.io.demo.jobscheduler.JobSchedule       : hello
2024-03-11T10:00:51.095+07:00  INFO 19772 --- [scheduling-1] j.io.demo.jobscheduler.JobSchedule       : hello
2024-03-11T10:01:51.084+07:00  INFO 19772 --- [scheduling-1] j.io.demo.jobscheduler.JobSchedule       : hello
2024-03-11T10:02:51.075+07:00  INFO 19772 --- [scheduling-1] j.io.demo.jobscheduler.JobSchedule       : hello
2024-03-11T10:03:51.064+07:00  INFO 19772 --- [scheduling-1] j.io.demo.jobscheduler.JobSchedule       : hello
2024-03-11T10:04:51.059+07:00  INFO 19772 --- [scheduling-1] j.io.demo.jobscheduler.JobSchedule       : hello
2024-03-11T10:05:51.054+07:00  INFO 19772 --- [scheduling-1] j.io.demo.jobscheduler.JobSchedule       : hello
2024-03-11T10:06:51.056+07:00  INFO 19772 --- [scheduling-1] j.io.demo.jobscheduler.JobSchedule       : hello
2024-03-11T10:07:51.057+07:00  INFO 19772 --- [scheduling-1] j.io.demo.jobscheduler.JobSchedule       : hello
2024-03-11T10:08:51.056+07:00  INFO 19772 --- [scheduling-1] j.io.demo.jobscheduler.JobSchedule       : hello
2024-03-11T10:09:51.047+07:00  INFO 19772 --- [scheduling-1] j.io.demo.jobscheduler.JobSchedule       : hello
2024-03-11T10:10:51.036+07:00  INFO 19772 --- [scheduling-1] j.io.demo.jobscheduler.JobSchedule       : hello
2024-03-11T10:11:51.028+07:00  INFO 19772 --- [scheduling-1] j.io.demo.jobscheduler.JobSchedule       : hello
2024-03-11T10:12:51.034+07:00  INFO 19772 --- [scheduling-1] j.io.demo.jobscheduler.JobSchedule       : hello
2024-03-11T10:13:51.026+07:00  INFO 19772 --- [scheduling-1] j.io.demo.jobscheduler.JobSchedule       : hello
2024-03-11T10:14:51.025+07:00  INFO 19772 --- [scheduling-1] j.io.demo.jobscheduler.JobSchedule       : hello
2024-03-11T10:15:51.018+07:00  INFO 19772 --- [scheduling-1] j.io.demo.jobscheduler.JobSchedule       : hello
2024-03-11T10:16:51.016+07:00  INFO 19772 --- [scheduling-1] j.io.demo.jobscheduler.JobSchedule       : hello
2024-03-11T10:17:51.019+07:00  INFO 19772 --- [scheduling-1] j.io.demo.jobscheduler.JobSchedule       : hello
2024-03-11T10:18:51.019+07:00  INFO 19772 --- [scheduling-1] j.io.demo.jobscheduler.JobSchedule       : hello
2024-03-11T10:19:51.014+07:00  INFO 19772 --- [scheduling-1] j.io.demo.jobscheduler.JobSchedule       : hello
2024-03-11T10:20:51.014+07:00  INFO 19772 --- [scheduling-1] j.io.demo.jobscheduler.JobSchedule       : hello
2024-03-11T10:21:51.015+07:00  INFO 19772 --- [scheduling-1] j.io.demo.jobscheduler.JobSchedule       : hello
2024-03-11T10:22:51.020+07:00  INFO 19772 --- [scheduling-1] j.io.demo.jobscheduler.JobSchedule       : hello
2024-03-11T10:23:51.023+07:00  INFO 19772 --- [scheduling-1] j.io.demo.jobscheduler.JobSchedule       : hello
2024-03-11T10:24:51.026+07:00  INFO 19772 --- [scheduling-1] j.io.demo.jobscheduler.JobSchedule       : hello
2024-03-11T10:25:51.025+07:00  INFO 19772 --- [scheduling-1] j.io.demo.jobscheduler.JobSchedule       : hello
2024-03-11T10:26:51.025+07:00  INFO 19772 --- [scheduling-1] j.io.demo.jobscheduler.JobSchedule       : hello
2024-03-11T10:27:39.796+07:00  WARN 19772 --- [http-nio-5501-exec-2] o.h.engine.jdbc.spi.SqlExceptionHelper   : SQL Error: 1062, SQLState: 23000
2024-03-11T10:27:39.797+07:00 ERROR 19772 --- [http-nio-5501-exec-2] o.h.engine.jdbc.spi.SqlExceptionHelper   : Duplicate entry 'username2' for key 'db_user.UK_2yo5sed605l75swa973ub4kra'
2024-03-11T10:27:39.820+07:00  INFO 19772 --- [http-nio-5501-exec-2] j.i.demo.controller.ExceptionController  : INFO

java.sql.SQLIntegrityConstraintViolationException: Duplicate entry 'username2' for key 'db_user.UK_2yo5sed605l75swa973ub4kra'
	at com.mysql.cj.jdbc.exceptions.SQLError.createSQLException(SQLError.java:118) ~[mysql-connector-j-8.0.33.jar:8.0.33]
	at com.mysql.cj.jdbc.exceptions.SQLExceptionsMapping.translateException(SQLExceptionsMapping.java:122) ~[mysql-connector-j-8.0.33.jar:8.0.33]
	at com.mysql.cj.jdbc.ClientPreparedStatement.executeInternal(ClientPreparedStatement.java:916) ~[mysql-connector-j-8.0.33.jar:8.0.33]
	at com.mysql.cj.jdbc.ClientPreparedStatement.executeUpdateInternal(ClientPreparedStatement.java:1061) ~[mysql-connector-j-8.0.33.jar:8.0.33]
	at com.mysql.cj.jdbc.ClientPreparedStatement.executeUpdateInternal(ClientPreparedStatement.java:1009) ~[mysql-connector-j-8.0.33.jar:8.0.33]
	at com.mysql.cj.jdbc.ClientPreparedStatement.executeLargeUpdate(ClientPreparedStatement.java:1320) ~[mysql-connector-j-8.0.33.jar:8.0.33]
	at com.mysql.cj.jdbc.ClientPreparedStatement.executeUpdate(ClientPreparedStatement.java:994) ~[mysql-connector-j-8.0.33.jar:8.0.33]
	at com.zaxxer.hikari.pool.ProxyPreparedStatement.executeUpdate(ProxyPreparedStatement.java:61) ~[HikariCP-5.0.1.jar:na]
	at com.zaxxer.hikari.pool.HikariProxyPreparedStatement.executeUpdate(HikariProxyPreparedStatement.java) ~[HikariCP-5.0.1.jar:na]
	at org.hibernate.engine.jdbc.internal.ResultSetReturnImpl.executeUpdate(ResultSetReturnImpl.java:275) ~[hibernate-core-6.2.20.Final.jar:6.2.20.Final]
	at org.hibernate.id.insert.GetGeneratedKeysDelegate.performInsert(GetGeneratedKeysDelegate.java:107) ~[hibernate-core-6.2.20.Final.jar:6.2.20.Final]
	at org.hibernate.engine.jdbc.mutation.internal.MutationExecutorPostInsertSingleTable.execute(MutationExecutorPostInsertSingleTable.java:100) ~[hibernate-core-6.2.20.Final.jar:6.2.20.Final]
	at org.hibernate.persister.entity.mutation.InsertCoordinator.doStaticInserts(InsertCoordinator.java:171) ~[hibernate-core-6.2.20.Final.jar:6.2.20.Final]
	at org.hibernate.persister.entity.mutation.InsertCoordinator.coordinateInsert(InsertCoordinator.java:112) ~[hibernate-core-6.2.20.Final.jar:6.2.20.Final]
	at org.hibernate.persister.entity.AbstractEntityPersister.insert(AbstractEntityPersister.java:2785) ~[hibernate-core-6.2.20.Final.jar:6.2.20.Final]
	at org.hibernate.action.internal.EntityIdentityInsertAction.execute(EntityIdentityInsertAction.java:81) ~[hibernate-core-6.2.20.Final.jar:6.2.20.Final]
	at org.hibernate.engine.spi.ActionQueue.execute(ActionQueue.java:676) ~[hibernate-core-6.2.20.Final.jar:6.2.20.Final]
	at org.hibernate.engine.spi.ActionQueue.addResolvedEntityInsertAction(ActionQueue.java:291) ~[hibernate-core-6.2.20.Final.jar:6.2.20.Final]
	at org.hibernate.engine.spi.ActionQueue.addInsertAction(ActionQueue.java:272) ~[hibernate-core-6.2.20.Final.jar:6.2.20.Final]
	at org.hibernate.engine.spi.ActionQueue.addAction(ActionQueue.java:322) ~[hibernate-core-6.2.20.Final.jar:6.2.20.Final]
	at org.hibernate.event.internal.AbstractSaveEventListener.addInsertAction(AbstractSaveEventListener.java:363) ~[hibernate-core-6.2.20.Final.jar:6.2.20.Final]
	at org.hibernate.event.internal.AbstractSaveEventListener.performSaveOrReplicate(AbstractSaveEventListener.java:277) ~[hibernate-core-6.2.20.Final.jar:6.2.20.Final]
	at org.hibernate.event.internal.AbstractSaveEventListener.performSave(AbstractSaveEventListener.java:180) ~[hibernate-core-6.2.20.Final.jar:6.2.20.Final]
	at org.hibernate.event.internal.AbstractSaveEventListener.saveWithGeneratedId(AbstractSaveEventListener.java:140) ~[hibernate-core-6.2.20.Final.jar:6.2.20.Final]
	at org.hibernate.event.internal.DefaultPersistEventListener.entityIsTransient(DefaultPersistEventListener.java:175) ~[hibernate-core-6.2.20.Final.jar:6.2.20.Final]
	at org.hibernate.event.internal.DefaultPersistEventListener.persist(DefaultPersistEventListener.java:93) ~[hibernate-core-6.2.20.Final.jar:6.2.20.Final]
	at org.hibernate.event.internal.DefaultPersistEventListener.onPersist(DefaultPersistEventListener.java:77) ~[hibernate-core-6.2.20.Final.jar:6.2.20.Final]
	at org.hibernate.event.internal.DefaultPersistEventListener.onPersist(DefaultPersistEventListener.java:54) ~[hibernate-core-6.2.20.Final.jar:6.2.20.Final]
	at org.hibernate.event.service.internal.EventListenerGroupImpl.fireEventOnEachListener(EventListenerGroupImpl.java:127) ~[hibernate-core-6.2.20.Final.jar:6.2.20.Final]
	at org.hibernate.internal.SessionImpl.firePersist(SessionImpl.java:755) ~[hibernate-core-6.2.20.Final.jar:6.2.20.Final]
	at org.hibernate.internal.SessionImpl.persist(SessionImpl.java:739) ~[hibernate-core-6.2.20.Final.jar:6.2.20.Final]
	at java.base/jdk.internal.reflect.DirectMethodHandleAccessor.invoke(DirectMethodHandleAccessor.java:103) ~[na:na]
	at java.base/java.lang.reflect.Method.invoke(Method.java:580) ~[na:na]
	at org.springframework.orm.jpa.ExtendedEntityManagerCreator$ExtendedEntityManagerInvocationHandler.invoke(ExtendedEntityManagerCreator.java:360) ~[spring-orm-6.0.16.jar:6.0.16]
	at jdk.proxy4/jdk.proxy4.$Proxy142.persist(Unknown Source) ~[na:na]
	at java.base/jdk.internal.reflect.DirectMethodHandleAccessor.invoke(DirectMethodHandleAccessor.java:103) ~[na:na]
	at java.base/java.lang.reflect.Method.invoke(Method.java:580) ~[na:na]
	at org.springframework.orm.jpa.SharedEntityManagerCreator$SharedEntityManagerInvocationHandler.invoke(SharedEntityManagerCreator.java:312) ~[spring-orm-6.0.16.jar:6.0.16]
	at jdk.proxy4/jdk.proxy4.$Proxy142.persist(Unknown Source) ~[na:na]
	at org.springframework.data.jpa.repository.support.SimpleJpaRepository.save(SimpleJpaRepository.java:618) ~[spring-data-jpa-3.1.8.jar:3.1.8]
	at java.base/jdk.internal.reflect.DirectMethodHandleAccessor.invoke(DirectMethodHandleAccessor.java:103) ~[na:na]
	at java.base/java.lang.reflect.Method.invoke(Method.java:580) ~[na:na]
	at org.springframework.data.repository.core.support.RepositoryMethodInvoker$RepositoryFragmentMethodInvoker.lambda$new$0(RepositoryMethodInvoker.java:288) ~[spring-data-commons-3.1.8.jar:3.1.8]
	at org.springframework.data.repository.core.support.RepositoryMethodInvoker.doInvoke(RepositoryMethodInvoker.java:136) ~[spring-data-commons-3.1.8.jar:3.1.8]
	at org.springframework.data.repository.core.support.RepositoryMethodInvoker.invoke(RepositoryMethodInvoker.java:120) ~[spring-data-commons-3.1.8.jar:3.1.8]
	at org.springframework.data.repository.core.support.RepositoryComposition$RepositoryFragments.invoke(RepositoryComposition.java:516) ~[spring-data-commons-3.1.8.jar:3.1.8]
	at org.springframework.data.repository.core.support.RepositoryComposition.invoke(RepositoryComposition.java:285) ~[spring-data-commons-3.1.8.jar:3.1.8]
	at org.springframework.data.repository.core.support.RepositoryFactorySupport$ImplementationMethodExecutionInterceptor.invoke(RepositoryFactorySupport.java:628) ~[spring-data-commons-3.1.8.jar:3.1.8]
	at org.springframework.aop.framework.ReflectiveMethodInvocation.proceed(ReflectiveMethodInvocation.java:184) ~[spring-aop-6.0.16.jar:6.0.16]
	at org.springframework.data.repository.core.support.QueryExecutorMethodInterceptor.doInvoke(QueryExecutorMethodInterceptor.java:168) ~[spring-data-commons-3.1.8.jar:3.1.8]
	at org.springframework.data.repository.core.support.QueryExecutorMethodInterceptor.invoke(QueryExecutorMethodInterceptor.java:143) ~[spring-data-commons-3.1.8.jar:3.1.8]
	at org.springframework.aop.framework.ReflectiveMethodInvocation.proceed(ReflectiveMethodInvocation.java:184) ~[spring-aop-6.0.16.jar:6.0.16]
	at org.springframework.data.projection.DefaultMethodInvokingMethodInterceptor.invoke(DefaultMethodInvokingMethodInterceptor.java:70) ~[spring-data-commons-3.1.8.jar:3.1.8]
	at org.springframework.aop.framework.ReflectiveMethodInvocation.proceed(ReflectiveMethodInvocation.java:184) ~[spring-aop-6.0.16.jar:6.0.16]
	at org.springframework.transaction.interceptor.TransactionInterceptor$1.proceedWithInvocation(TransactionInterceptor.java:123) ~[spring-tx-6.0.16.jar:6.0.16]
	at org.springframework.transaction.interceptor.TransactionAspectSupport.invokeWithinTransaction(TransactionAspectSupport.java:391) ~[spring-tx-6.0.16.jar:6.0.16]
	at org.springframework.transaction.interceptor.TransactionInterceptor.invoke(TransactionInterceptor.java:119) ~[spring-tx-6.0.16.jar:6.0.16]
	at org.springframework.aop.framework.ReflectiveMethodInvocation.proceed(ReflectiveMethodInvocation.java:184) ~[spring-aop-6.0.16.jar:6.0.16]
	at org.springframework.dao.support.PersistenceExceptionTranslationInterceptor.invoke(PersistenceExceptionTranslationInterceptor.java:137) ~[spring-tx-6.0.16.jar:6.0.16]
	at org.springframework.aop.framework.ReflectiveMethodInvocation.proceed(ReflectiveMethodInvocation.java:184) ~[spring-aop-6.0.16.jar:6.0.16]
	at org.springframework.data.jpa.repository.support.CrudMethodMetadataPostProcessor$CrudMethodMetadataPopulatingMethodInterceptor.invoke(CrudMethodMetadataPostProcessor.java:164) ~[spring-data-jpa-3.1.8.jar:3.1.8]
	at org.springframework.aop.framework.ReflectiveMethodInvocation.proceed(ReflectiveMethodInvocation.java:184) ~[spring-aop-6.0.16.jar:6.0.16]
	at org.springframework.aop.interceptor.ExposeInvocationInterceptor.invoke(ExposeInvocationInterceptor.java:97) ~[spring-aop-6.0.16.jar:6.0.16]
	at org.springframework.aop.framework.ReflectiveMethodInvocation.proceed(ReflectiveMethodInvocation.java:184) ~[spring-aop-6.0.16.jar:6.0.16]
	at org.springframework.aop.framework.JdkDynamicAopProxy.invoke(JdkDynamicAopProxy.java:244) ~[spring-aop-6.0.16.jar:6.0.16]
	at jdk.proxy4/jdk.proxy4.$Proxy160.save(Unknown Source) ~[na:na]
	at jmaster.io.demo.service.UserService.create(UserService.java:40) ~[classes/:na]
	at java.base/jdk.internal.reflect.DirectMethodHandleAccessor.invoke(DirectMethodHandleAccessor.java:103) ~[na:na]
	at java.base/java.lang.reflect.Method.invoke(Method.java:580) ~[na:na]
	at org.springframework.aop.support.AopUtils.invokeJoinpointUsingReflection(AopUtils.java:343) ~[spring-aop-6.0.16.jar:6.0.16]
	at org.springframework.aop.framework.ReflectiveMethodInvocation.invokeJoinpoint(ReflectiveMethodInvocation.java:196) ~[spring-aop-6.0.16.jar:6.0.16]
	at org.springframework.aop.framework.ReflectiveMethodInvocation.proceed(ReflectiveMethodInvocation.java:163) ~[spring-aop-6.0.16.jar:6.0.16]
	at org.springframework.aop.framework.CglibAopProxy$CglibMethodInvocation.proceed(CglibAopProxy.java:751) ~[spring-aop-6.0.16.jar:6.0.16]
	at org.springframework.transaction.interceptor.TransactionInterceptor$1.proceedWithInvocation(TransactionInterceptor.java:123) ~[spring-tx-6.0.16.jar:6.0.16]
	at org.springframework.transaction.interceptor.TransactionAspectSupport.invokeWithinTransaction(TransactionAspectSupport.java:391) ~[spring-tx-6.0.16.jar:6.0.16]
	at org.springframework.transaction.interceptor.TransactionInterceptor.invoke(TransactionInterceptor.java:119) ~[spring-tx-6.0.16.jar:6.0.16]
	at org.springframework.aop.framework.ReflectiveMethodInvocation.proceed(ReflectiveMethodInvocation.java:184) ~[spring-aop-6.0.16.jar:6.0.16]
	at org.springframework.aop.framework.CglibAopProxy$CglibMethodInvocation.proceed(CglibAopProxy.java:751) ~[spring-aop-6.0.16.jar:6.0.16]
	at org.springframework.cache.interceptor.CacheInterceptor.lambda$invoke$0(CacheInterceptor.java:54) ~[spring-context-6.0.16.jar:6.0.16]
	at org.springframework.cache.interceptor.CacheAspectSupport.invokeOperation(CacheAspectSupport.java:366) ~[spring-context-6.0.16.jar:6.0.16]
	at org.springframework.cache.interceptor.CacheAspectSupport.execute(CacheAspectSupport.java:420) ~[spring-context-6.0.16.jar:6.0.16]
	at org.springframework.cache.interceptor.CacheAspectSupport.execute(CacheAspectSupport.java:345) ~[spring-context-6.0.16.jar:6.0.16]
	at org.springframework.cache.interceptor.CacheInterceptor.invoke(CacheInterceptor.java:64) ~[spring-context-6.0.16.jar:6.0.16]
	at org.springframework.aop.framework.ReflectiveMethodInvocation.proceed(ReflectiveMethodInvocation.java:184) ~[spring-aop-6.0.16.jar:6.0.16]
	at org.springframework.aop.framework.CglibAopProxy$CglibMethodInvocation.proceed(CglibAopProxy.java:751) ~[spring-aop-6.0.16.jar:6.0.16]
	at org.springframework.aop.framework.CglibAopProxy$DynamicAdvisedInterceptor.intercept(CglibAopProxy.java:703) ~[spring-aop-6.0.16.jar:6.0.16]
	at jmaster.io.demo.service.UserService$$SpringCGLIB$$0.create(<generated>) ~[classes/:na]
	at jmaster.io.demo.controller.UserController.newUser(UserController.java:59) ~[classes/:na]
	at java.base/jdk.internal.reflect.DirectMethodHandleAccessor.invoke(DirectMethodHandleAccessor.java:103) ~[na:na]
	at java.base/java.lang.reflect.Method.invoke(Method.java:580) ~[na:na]
	at org.springframework.web.method.support.InvocableHandlerMethod.doInvoke(InvocableHandlerMethod.java:205) ~[spring-web-6.0.16.jar:6.0.16]
	at org.springframework.web.method.support.InvocableHandlerMethod.invokeForRequest(InvocableHandlerMethod.java:150) ~[spring-web-6.0.16.jar:6.0.16]
	at org.springframework.web.servlet.mvc.method.annotation.ServletInvocableHandlerMethod.invokeAndHandle(ServletInvocableHandlerMethod.java:118) ~[spring-webmvc-6.0.16.jar:6.0.16]
	at org.springframework.web.servlet.mvc.method.annotation.RequestMappingHandlerAdapter.invokeHandlerMethod(RequestMappingHandlerAdapter.java:884) ~[spring-webmvc-6.0.16.jar:6.0.16]
	at org.springframework.web.servlet.mvc.method.annotation.RequestMappingHandlerAdapter.handleInternal(RequestMappingHandlerAdapter.java:797) ~[spring-webmvc-6.0.16.jar:6.0.16]
	at org.springframework.web.servlet.mvc.method.AbstractHandlerMethodAdapter.handle(AbstractHandlerMethodAdapter.java:87) ~[spring-webmvc-6.0.16.jar:6.0.16]
	at org.springframework.web.servlet.DispatcherServlet.doDispatch(DispatcherServlet.java:1081) ~[spring-webmvc-6.0.16.jar:6.0.16]
	at org.springframework.web.servlet.DispatcherServlet.doService(DispatcherServlet.java:974) ~[spring-webmvc-6.0.16.jar:6.0.16]
	at org.springframework.web.servlet.FrameworkServlet.processRequest(FrameworkServlet.java:1014) ~[spring-webmvc-6.0.16.jar:6.0.16]
	at org.springframework.web.servlet.FrameworkServlet.doPost(FrameworkServlet.java:914) ~[spring-webmvc-6.0.16.jar:6.0.16]
	at jakarta.servlet.http.HttpServlet.service(HttpServlet.java:590) ~[tomcat-embed-core-10.1.18.jar:6.0]
	at org.springframework.web.servlet.FrameworkServlet.service(FrameworkServlet.java:885) ~[spring-webmvc-6.0.16.jar:6.0.16]
	at jakarta.servlet.http.HttpServlet.service(HttpServlet.java:658) ~[tomcat-embed-core-10.1.18.jar:6.0]
	at org.apache.catalina.core.ApplicationFilterChain.internalDoFilter(ApplicationFilterChain.java:205) ~[tomcat-embed-core-10.1.18.jar:10.1.18]
	at org.apache.catalina.core.ApplicationFilterChain.doFilter(ApplicationFilterChain.java:149) ~[tomcat-embed-core-10.1.18.jar:10.1.18]
	at org.apache.tomcat.websocket.server.WsFilter.doFilter(WsFilter.java:51) ~[tomcat-embed-websocket-10.1.18.jar:10.1.18]
	at org.apache.catalina.core.ApplicationFilterChain.internalDoFilter(ApplicationFilterChain.java:174) ~[tomcat-embed-core-10.1.18.jar:10.1.18]
	at org.apache.catalina.core.ApplicationFilterChain.doFilter(ApplicationFilterChain.java:149) ~[tomcat-embed-core-10.1.18.jar:10.1.18]
	at org.springframework.web.filter.RequestContextFilter.doFilterInternal(RequestContextFilter.java:100) ~[spring-web-6.0.16.jar:6.0.16]
	at org.springframework.web.filter.OncePerRequestFilter.doFilter(OncePerRequestFilter.java:116) ~[spring-web-6.0.16.jar:6.0.16]
	at org.apache.catalina.core.ApplicationFilterChain.internalDoFilter(ApplicationFilterChain.java:174) ~[tomcat-embed-core-10.1.18.jar:10.1.18]
	at org.apache.catalina.core.ApplicationFilterChain.doFilter(ApplicationFilterChain.java:149) ~[tomcat-embed-core-10.1.18.jar:10.1.18]
	at org.springframework.web.filter.FormContentFilter.doFilterInternal(FormContentFilter.java:93) ~[spring-web-6.0.16.jar:6.0.16]
	at org.springframework.web.filter.OncePerRequestFilter.doFilter(OncePerRequestFilter.java:116) ~[spring-web-6.0.16.jar:6.0.16]
	at org.apache.catalina.core.ApplicationFilterChain.internalDoFilter(ApplicationFilterChain.java:174) ~[tomcat-embed-core-10.1.18.jar:10.1.18]
	at org.apache.catalina.core.ApplicationFilterChain.doFilter(ApplicationFilterChain.java:149) ~[tomcat-embed-core-10.1.18.jar:10.1.18]
	at org.springframework.web.filter.CharacterEncodingFilter.doFilterInternal(CharacterEncodingFilter.java:201) ~[spring-web-6.0.16.jar:6.0.16]
	at org.springframework.web.filter.OncePerRequestFilter.doFilter(OncePerRequestFilter.java:116) ~[spring-web-6.0.16.jar:6.0.16]
	at org.apache.catalina.core.ApplicationFilterChain.internalDoFilter(ApplicationFilterChain.java:174) ~[tomcat-embed-core-10.1.18.jar:10.1.18]
	at org.apache.catalina.core.ApplicationFilterChain.doFilter(ApplicationFilterChain.java:149) ~[tomcat-embed-core-10.1.18.jar:10.1.18]
	at org.apache.catalina.core.StandardWrapperValve.invoke(StandardWrapperValve.java:167) ~[tomcat-embed-core-10.1.18.jar:10.1.18]
	at org.apache.catalina.core.StandardContextValve.invoke(StandardContextValve.java:90) ~[tomcat-embed-core-10.1.18.jar:10.1.18]
	at org.apache.catalina.authenticator.AuthenticatorBase.invoke(AuthenticatorBase.java:482) ~[tomcat-embed-core-10.1.18.jar:10.1.18]
	at org.apache.catalina.core.StandardHostValve.invoke(StandardHostValve.java:115) ~[tomcat-embed-core-10.1.18.jar:10.1.18]
	at org.apache.catalina.valves.ErrorReportValve.invoke(ErrorReportValve.java:93) ~[tomcat-embed-core-10.1.18.jar:10.1.18]
	at org.apache.catalina.core.StandardEngineValve.invoke(StandardEngineValve.java:74) ~[tomcat-embed-core-10.1.18.jar:10.1.18]
	at org.apache.catalina.connector.CoyoteAdapter.service(CoyoteAdapter.java:340) ~[tomcat-embed-core-10.1.18.jar:10.1.18]
	at org.apache.coyote.http11.Http11Processor.service(Http11Processor.java:391) ~[tomcat-embed-core-10.1.18.jar:10.1.18]
	at org.apache.coyote.AbstractProcessorLight.process(AbstractProcessorLight.java:63) ~[tomcat-embed-core-10.1.18.jar:10.1.18]
	at org.apache.coyote.AbstractProtocol$ConnectionHandler.process(AbstractProtocol.java:896) ~[tomcat-embed-core-10.1.18.jar:10.1.18]
	at org.apache.tomcat.util.net.NioEndpoint$SocketProcessor.doRun(NioEndpoint.java:1744) ~[tomcat-embed-core-10.1.18.jar:10.1.18]
	at org.apache.tomcat.util.net.SocketProcessorBase.run(SocketProcessorBase.java:52) ~[tomcat-embed-core-10.1.18.jar:10.1.18]
	at org.apache.tomcat.util.threads.ThreadPoolExecutor.runWorker(ThreadPoolExecutor.java:1191) ~[tomcat-embed-core-10.1.18.jar:10.1.18]
	at org.apache.tomcat.util.threads.ThreadPoolExecutor$Worker.run(ThreadPoolExecutor.java:659) ~[tomcat-embed-core-10.1.18.jar:10.1.18]
	at org.apache.tomcat.util.threads.TaskThread$WrappingRunnable.run(TaskThread.java:61) ~[tomcat-embed-core-10.1.18.jar:10.1.18]
	at java.base/java.lang.Thread.run(Thread.java:1583) ~[na:na]

2024-03-11T10:27:39.841+07:00  WARN 19772 --- [http-nio-5501-exec-2] .m.m.a.ExceptionHandlerExceptionResolver : Resolved [org.springframework.dao.DataIntegrityViolationException: could not execute statement [Duplicate entry 'username2' for key 'db_user.UK_2yo5sed605l75swa973ub4kra'] [insert into db_user (age,avatarurl,birthdate,created_at,department_id,email,home_address,name,password,updated_at,username) values (?,?,?,?,?,?,?,?,?,?,?)]; SQL [insert into db_user (age,avatarurl,birthdate,created_at,department_id,email,home_address,name,password,updated_at,username) values (?,?,?,?,?,?,?,?,?,?,?)]; constraint [db_user.UK_2yo5sed605l75swa973ub4kra]]
2024-03-11T10:27:51.024+07:00  INFO 19772 --- [scheduling-1] j.io.demo.jobscheduler.JobSchedule       : hello
2024-03-11T10:28:12.560+07:00  WARN 19772 --- [http-nio-5501-exec-3] .w.s.m.s.DefaultHandlerExceptionResolver : Resolved [org.springframework.web.HttpRequestMethodNotSupportedException: Request method 'POST' is not supported]
2024-03-11T10:28:51.018+07:00  INFO 19772 --- [scheduling-1] j.io.demo.jobscheduler.JobSchedule       : hello
2024-03-11T10:29:51.020+07:00  INFO 19772 --- [scheduling-1] j.io.demo.jobscheduler.JobSchedule       : hello
2024-03-11T10:30:34.281+07:00  WARN 19772 --- [http-nio-5501-exec-2] .w.s.m.s.DefaultHandlerExceptionResolver : Resolved [org.springframework.web.HttpRequestMethodNotSupportedException: Request method 'GET' is not supported]
2024-03-11T10:30:39.719+07:00  INFO 19772 --- [http-nio-5501-exec-3] j.i.demo.controller.ExceptionController  : bad request
2024-03-11T10:30:39.723+07:00  WARN 19772 --- [http-nio-5501-exec-3] .m.m.a.ExceptionHandlerExceptionResolver : Resolved [org.springframework.web.bind.MethodArgumentNotValidException: Validation failed for argument [0] in public jmaster.io.demo.dto.ResponseDTO<java.lang.Void> jmaster.io.demo.controller.UserController.newUser(jmaster.io.demo.dto.UserDTO) throws java.lang.IllegalStateException,java.io.IOException: [Field error in object 'user' on field 'name': rejected value [null]; codes [NotBlank.user.name,NotBlank.name,NotBlank.java.lang.String,NotBlank]; arguments [org.springframework.context.support.DefaultMessageSourceResolvable: codes [user.name,name]; arguments []; default message [name]]; default message [{not.blank}]] ]
2024-03-11T10:30:51.021+07:00  INFO 19772 --- [scheduling-1] j.io.demo.jobscheduler.JobSchedule       : hello
2024-03-11T10:31:51.019+07:00  INFO 19772 --- [scheduling-1] j.io.demo.jobscheduler.JobSchedule       : hello
2024-03-11T10:32:51.020+07:00  INFO 19772 --- [scheduling-1] j.io.demo.jobscheduler.JobSchedule       : hello
2024-03-11T10:33:51.020+07:00  INFO 19772 --- [scheduling-1] j.io.demo.jobscheduler.JobSchedule       : hello
2024-03-11T10:34:51.023+07:00  INFO 19772 --- [scheduling-1] j.io.demo.jobscheduler.JobSchedule       : hello
2024-03-11T10:35:51.028+07:00  INFO 19772 --- [scheduling-1] j.io.demo.jobscheduler.JobSchedule       : hello
2024-03-11T10:36:51.024+07:00  INFO 19772 --- [scheduling-1] j.io.demo.jobscheduler.JobSchedule       : hello
2024-03-11T10:37:51.024+07:00  INFO 19772 --- [scheduling-1] j.io.demo.jobscheduler.JobSchedule       : hello
